TN:
SF:script.js
FN:12,gameResult
FN:24,getTileColor
FN:41,updateTileColors
FN:51,startTheGame
FN:91,getCurrentValues
FN:112,getCurrentNumericalValues
FN:133,getAvailableValues
FN:150,shiftLeft
FN:169,check_matrix_equal
FN:184,generateNewBlock
FN:202,moveLeft
FN:231,shiftRight
FN:248,moveRight
FN:274,(anonymous_13)
FN:274,(anonymous_14)
FN:276,moveBlocks
FNF:16
FNH:3
FNDA:0,gameResult
FNDA:16,getTileColor
FNDA:1,updateTileColors
FNDA:1,startTheGame
FNDA:0,getCurrentValues
FNDA:0,getCurrentNumericalValues
FNDA:0,getAvailableValues
FNDA:0,shiftLeft
FNDA:0,check_matrix_equal
FNDA:0,generateNewBlock
FNDA:0,moveLeft
FNDA:0,shiftRight
FNDA:0,moveRight
FNDA:0,(anonymous_13)
FNDA:0,(anonymous_14)
FNDA:0,moveBlocks
DA:1,1
DA:2,1
DA:3,1
DA:4,1
DA:5,1
DA:6,1
DA:9,1
DA:10,1
DA:14,0
DA:16,0
DA:20,0
DA:25,16
DA:38,16
DA:42,1
DA:43,4
DA:44,16
DA:45,16
DA:46,16
DA:53,1
DA:54,1
DA:55,1
DA:56,1
DA:57,1
DA:59,16
DA:60,16
DA:61,16
DA:62,16
DA:64,4
DA:65,4
DA:69,1
DA:70,1
DA:71,1
DA:72,1
DA:74,1
DA:76,0
DA:77,0
DA:80,1
DA:81,1
DA:82,1
DA:84,1
DA:85,1
DA:92,0
DA:93,0
DA:94,0
DA:95,0
DA:96,0
DA:97,0
DA:98,0
DA:99,0
DA:100,0
DA:104,0
DA:105,0
DA:109,0
DA:113,0
DA:114,0
DA:115,0
DA:116,0
DA:117,0
DA:118,0
DA:119,0
DA:120,0
DA:121,0
DA:125,0
DA:126,0
DA:130,0
DA:135,0
DA:136,0
DA:137,0
DA:139,0
DA:141,0
DA:143,0
DA:147,0
DA:154,0
DA:156,0
DA:158,0
DA:159,0
DA:160,0
DA:162,0
DA:163,0
DA:171,0
DA:173,0
DA:175,0
DA:177,0
DA:181,0
DA:185,0
DA:187,0
DA:188,0
DA:189,0
DA:190,0
DA:192,0
DA:193,0
DA:194,0
DA:198,0
DA:208,0
DA:210,0
DA:212,0
DA:213,0
DA:214,0
DA:215,0
DA:216,0
DA:218,0
DA:219,0
DA:220,0
DA:221,0
DA:223,0
DA:228,0
DA:234,0
DA:236,0
DA:237,0
DA:238,0
DA:239,0
DA:240,0
DA:241,0
DA:253,0
DA:255,0
DA:256,0
DA:257,0
DA:258,0
DA:259,0
DA:260,0
DA:261,0
DA:262,0
DA:263,0
DA:264,0
DA:266,0
DA:271,0
DA:274,1
DA:278,0
DA:279,0
DA:280,0
DA:281,0
DA:282,0
DA:283,0
DA:284,0
DA:285,0
DA:286,0
DA:287,0
DA:288,0
DA:290,0
DA:291,0
DA:292,0
DA:293,0
DA:294,0
DA:295,0
DA:296,0
DA:297,0
DA:298,0
DA:299,0
DA:300,0
DA:301,0
DA:302,0
DA:303,0
DA:304,0
DA:305,0
DA:306,0
DA:307,0
DA:308,0
DA:309,0
DA:310,0
DA:312,0
DA:313,0
DA:314,0
DA:315,0
DA:317,0
DA:318,0
DA:322,0
DA:323,0
DA:325,0
DA:330,1
DA:331,1
LF:170
LH:39
BRDA:14,0,0,0
BRDA:14,0,1,0
BRDA:38,1,0,16
BRDA:38,1,1,14
BRDA:62,2,0,4
BRDA:62,2,1,12
BRDA:74,3,0,1
BRDA:74,3,1,1
BRDA:96,4,0,0
BRDA:96,4,1,0
BRDA:117,5,0,0
BRDA:117,5,1,0
BRDA:141,6,0,0
BRDA:141,6,1,0
BRDA:160,7,0,0
BRDA:160,7,1,0
BRDA:175,8,0,0
BRDA:175,8,1,0
BRDA:187,9,0,0
BRDA:187,9,1,0
BRDA:216,10,0,0
BRDA:216,10,1,0
BRDA:216,11,0,0
BRDA:216,11,1,0
BRDA:221,12,0,0
BRDA:221,12,1,0
BRDA:239,13,0,0
BRDA:239,13,1,0
BRDA:260,14,0,0
BRDA:260,14,1,0
BRDA:260,15,0,0
BRDA:260,15,1,0
BRDA:264,16,0,0
BRDA:264,16,1,0
BRDA:288,17,0,0
BRDA:288,17,1,0
BRDA:288,17,2,0
BRDA:288,17,3,0
BRDA:288,17,4,0
BRDA:315,18,0,0
BRDA:315,18,1,0
BRDA:323,19,0,0
BRDA:323,19,1,0
BRF:43
BRH:6
end_of_record
